
12월 05, 2022 09:56:17.293 NEW SESSION
12월 05, 2022 09:56:17.293 [6316:1196:1205/095617.290:ERROR:device_event_log_impl.cc(215)] [09:56:17.290] Bluetooth: bluetooth_adapter_winrt.cc:1074 Getting Default Adapter failed.
12월 05, 2022 15:47:45.274 [9448:1072:1205/154745.273:ERROR:device_event_log_impl.cc(215)] [15:47:45.273] Bluetooth: bluetooth_adapter_winrt.cc:1074 Getting Default Adapter failed.

12월 05, 2022 17:34:28.809 NEW SESSION
12월 05, 2022 17:34:28.809 [9308:10164:1205/173428.807:ERROR:device_event_log_impl.cc(215)] [17:34:28.807] Bluetooth: bluetooth_adapter_winrt.cc:1074 Getting Default Adapter failed.
12월 05, 2022 17:48:59.347 [9308:10164:1205/174859.347:ERROR:interface_endpoint_client.cc(694)] Message 0 rejected by interface blink.mojom.WidgetHost

12월 07, 2022 17:28:45.841 NEW SESSION
12월 07, 2022 17:28:45.841 [1352:5452:1207/172845.838:ERROR:device_event_log_impl.cc(215)] [17:28:45.837] Bluetooth: bluetooth_adapter_winrt.cc:1074 Getting Default Adapter failed.
12월 07, 2022 17:29:28.951 [1480:9016:1207/172928.951:ERROR:device_event_log_impl.cc(215)] [17:29:28.952] Bluetooth: bluetooth_adapter_winrt.cc:1074 Getting Default Adapter failed.

12월 07, 2022 17:31:13.513 NEW SESSION
12월 07, 2022 17:31:13.513 [6800:5880:1207/173113.511:ERROR:device_event_log_impl.cc(215)] [17:31:13.511] Bluetooth: bluetooth_adapter_winrt.cc:1074 Getting Default Adapter failed.

12월 08, 2022 16:35:31.922 NEW SESSION
12월 08, 2022 16:35:31.923 [2956:8808:1208/163531.918:ERROR:device_event_log_impl.cc(215)] [16:35:31.917] Bluetooth: bluetooth_adapter_winrt.cc:1074 Getting Default Adapter failed.

12월 09, 2022 09:41:56.538 NEW SESSION
12월 09, 2022 09:41:56.538 [4948:2272:1209/094156.536:ERROR:device_event_log_impl.cc(215)] [09:41:56.536] Bluetooth: bluetooth_adapter_winrt.cc:1074 Getting Default Adapter failed.
12월 09, 2022 09:41:56.542 [4948:2272:1209/094156.542:ERROR:device_event_log_impl.cc(215)] [09:41:56.542] USB: usb_device_handle_win.cc:1045 Failed to read descriptor from node connection: 시스템에 부착된 장치가 작동하지 않습니다. (0x1F)
12월 09, 2022 09:41:56.543 [4948:2272:1209/094156.542:ERROR:usb_descriptors.cc(117)] Failed to read configuration descriptor.
12월 09, 2022 09:41:56.543 [4948:2272:1209/094156.542:ERROR:usb_descriptors.cc(100)] Failed to read all configuration descriptors. Expected 1, got 0.
12월 09, 2022 09:41:56.543 [4948:2272:1209/094156.542:ERROR:device_event_log_impl.cc(215)] [09:41:56.542] USB: usb_device_win.cc:96 Failed to read descriptors from \\?\usb#vid_0000&pid_3825#6&369d9333&0&4#{a5dcbf10-6530-11d2-901f-00c04fb951ed}.
12월 09, 2022 15:28:41.688 [4948:2272:1209/152841.688:ERROR:interface_endpoint_client.cc(694)] Message 0 rejected by interface blink.mojom.WidgetHost
12월 09, 2022 15:41:44.816 [4948:2272:1209/154144.815:ERROR:interface_endpoint_client.cc(694)] Message 1 rejected by interface blink.mojom.WidgetHost
12월 09, 2022 18:20:45.302 [9172:3276:1209/182045.301:ERROR:device_event_log_impl.cc(215)] [18:20:45.294] Bluetooth: bluetooth_adapter_winrt.cc:1074 Getting Default Adapter failed.
12월 09, 2022 18:20:45.310 [9172:3276:1209/182045.309:ERROR:device_event_log_impl.cc(215)] [18:20:45.302] USB: usb_device_handle_win.cc:1045 Failed to read descriptor from node connection: 시스템에 부착된 장치가 작동하지 않습니다. (0x1F)
12월 09, 2022 18:20:45.310 [9172:3276:1209/182045.309:ERROR:usb_descriptors.cc(117)] Failed to read configuration descriptor.
12월 09, 2022 18:20:45.310 [9172:3276:1209/182045.309:ERROR:usb_descriptors.cc(100)] Failed to read all configuration descriptors. Expected 1, got 0.
12월 09, 2022 18:20:45.310 [9172:3276:1209/182045.309:ERROR:device_event_log_impl.cc(215)] [18:20:45.302] USB: usb_device_win.cc:96 Failed to read descriptors from \\?\usb#vid_0000&pid_3825#6&369d9333&0&4#{a5dcbf10-6530-11d2-901f-00c04fb951ed}.

12월 12, 2022 10:49:34.256 NEW SESSION
12월 12, 2022 10:49:34.257 [6676:7116:1212/104934.254:ERROR:device_event_log_impl.cc(215)] [10:49:34.255] Bluetooth: bluetooth_adapter_winrt.cc:1074 Getting Default Adapter failed.

12월 12, 2022 18:24:10.919 NEW SESSION
12월 12, 2022 18:24:10.919 [5628:8092:1212/182410.917:ERROR:device_event_log_impl.cc(215)] [18:24:10.916] Bluetooth: bluetooth_adapter_winrt.cc:1074 Getting Default Adapter failed.
12월 12, 2022 18:24:11.511 [5628:8092:1212/182411.511:ERROR:interface_endpoint_client.cc(694)] Message 0 rejected by interface blink.mojom.WidgetHost
12월 12, 2022 19:05:03.162 [5628:8092:1212/190503.162:ERROR:interface_endpoint_client.cc(694)] Message 1 rejected by interface blink.mojom.WidgetHost
12월 12, 2022 19:05:03.163 [5628:8092:1212/190503.162:ERROR:interface_endpoint_client.cc(694)] Message 1 rejected by interface blink.mojom.WidgetHost
12월 12, 2022 19:06:18.502 [5628:8092:1212/190618.502:ERROR:device_event_log_impl.cc(215)] [19:06:18.502] Bluetooth: bluetooth_adapter_winrt.cc:1074 Getting Default Adapter failed.
12월 12, 2022 19:40:02.889 [5628:8092:1212/194002.888:ERROR:interface_endpoint_client.cc(694)] Message 1 rejected by interface blink.mojom.WidgetHost
12월 12, 2022 20:24:51.60 [8024:4500:1212/202451.060:ERROR:device_event_log_impl.cc(215)] [20:24:51.059] Bluetooth: bluetooth_adapter_winrt.cc:1074 Getting Default Adapter failed.

12월 13, 2022 11:09:28.404 NEW SESSION
12월 13, 2022 11:09:28.404 [8092:4364:1213/110928.401:ERROR:device_event_log_impl.cc(215)] [11:09:28.402] Bluetooth: bluetooth_adapter_winrt.cc:1074 Getting Default Adapter failed.
12월 13, 2022 11:28:45.917 [libprotobuf ERROR ..\..\third_party\protobuf\src\google\protobuf\message_lite.cc:133] Can't parse message of type "safe_browsing.ClientDownloadRequest" because it is missing required fields: (cannot determine missing fields for lite message)

12월 14, 2022 10:04:32.78 NEW SESSION
12월 14, 2022 10:04:32.79 [4292:7964:1214/100432.075:ERROR:device_event_log_impl.cc(215)] [10:04:32.075] Bluetooth: bluetooth_adapter_winrt.cc:1074 Getting Default Adapter failed.
12월 14, 2022 10:11:06.270 [2892:6420:1214/101106.269:ERROR:device_event_log_impl.cc(215)] [10:11:06.270] Bluetooth: bluetooth_adapter_winrt.cc:1074 Getting Default Adapter failed.
12월 14, 2022 10:11:50.906 [6288:9120:1214/101150.906:ERROR:device_event_log_impl.cc(215)] [10:11:50.906] USB: usb_device_handle_win.cc:1045 Failed to read descriptor from node connection: 시스템에 부착된 장치가 작동하지 않습니다. (0x1F)
12월 14, 2022 10:11:50.907 [6288:9120:1214/101150.906:ERROR:usb_descriptors.cc(117)] Failed to read configuration descriptor.
12월 14, 2022 10:11:50.907 [6288:9120:1214/101150.906:ERROR:usb_descriptors.cc(100)] Failed to read all configuration descriptors. Expected 1, got 0.
12월 14, 2022 10:11:50.908 [6288:9120:1214/101150.906:ERROR:device_event_log_impl.cc(215)] [10:11:50.906] USB: usb_device_win.cc:96 Failed to read descriptors from \\?\usb#vid_0000&pid_3825#6&369d9333&0&4#{a5dcbf10-6530-11d2-901f-00c04fb951ed}.
12월 14, 2022 10:11:50.908 [6288:9120:1214/101150.906:ERROR:device_event_log_impl.cc(215)] [10:11:50.906] Bluetooth: bluetooth_adapter_winrt.cc:1074 Getting Default Adapter failed.
12월 14, 2022 10:13:08.358 [7104:4260:1214/101308.358:ERROR:device_event_log_impl.cc(215)] [10:13:08.357] Bluetooth: bluetooth_adapter_winrt.cc:1074 Getting Default Adapter failed.
12월 14, 2022 15:51:16.51 [2960:7520:1214/155116.051:ERROR:device_event_log_impl.cc(215)] [15:51:16.051] Bluetooth: bluetooth_adapter_winrt.cc:1074 Getting Default Adapter failed.
12월 14, 2022 16:50:27.516 [5264:9976:1214/165027.516:ERROR:device_event_log_impl.cc(215)] [16:50:27.516] Bluetooth: bluetooth_adapter_winrt.cc:1074 Getting Default Adapter failed.
12월 14, 2022 16:59:14.58 [7504:4836:1214/165914.057:ERROR:device_event_log_impl.cc(215)] [16:59:14.057] Bluetooth: bluetooth_adapter_winrt.cc:1074 Getting Default Adapter failed.

12월 15, 2022 13:01:19.136 NEW SESSION
12월 15, 2022 13:01:19.136 [984:1012:1215/130119.134:ERROR:device_event_log_impl.cc(215)] [13:01:19.134] USB: usb_device_handle_win.cc:1045 Failed to read descriptor from node connection: 시스템에 부착된 장치가 작동하지 않습니다. (0x1F)
12월 15, 2022 13:01:19.137 [984:1012:1215/130119.134:ERROR:usb_descriptors.cc(117)] Failed to read configuration descriptor.
12월 15, 2022 13:01:19.137 [984:1012:1215/130119.134:ERROR:usb_descriptors.cc(100)] Failed to read all configuration descriptors. Expected 1, got 0.
12월 15, 2022 13:01:19.138 [984:1012:1215/130119.134:ERROR:device_event_log_impl.cc(215)] [13:01:19.134] USB: usb_device_win.cc:96 Failed to read descriptors from \\?\usb#vid_0000&pid_3825#6&369d9333&0&4#{a5dcbf10-6530-11d2-901f-00c04fb951ed}.
12월 15, 2022 13:01:19.138 [984:1012:1215/130119.134:ERROR:device_event_log_impl.cc(215)] [13:01:19.134] Bluetooth: bluetooth_adapter_winrt.cc:1074 Getting Default Adapter failed.

12월 15, 2022 15:07:00.802 NEW SESSION
12월 15, 2022 15:07:00.802 [3084:7204:1215/150700.799:ERROR:device_event_log_impl.cc(215)] [15:07:00.799] Bluetooth: bluetooth_adapter_winrt.cc:1074 Getting Default Adapter failed.

12월 20, 2022 09:44:59.204 NEW SESSION
12월 20, 2022 09:44:59.204 [3364:1524:1220/094459.200:ERROR:device_event_log_impl.cc(215)] [09:44:59.200] Bluetooth: bluetooth_adapter_winrt.cc:1074 Getting Default Adapter failed.
12월 20, 2022 10:30:03.913 [3364:1524:1220/103003.913:ERROR:device_event_log_impl.cc(215)] [10:30:03.912] USB: usb_service_win.cc:104 SetupDiGetDeviceProperty({{A45C254E-DF1C-4EFD-8020-67D146A850E0}, 6}) failed: 요소가 없습니다. (0x490)
12월 20, 2022 16:25:09.731 [3364:1524:1220/162509.730:ERROR:device_event_log_impl.cc(215)] [16:25:09.731] Bluetooth: bluetooth_adapter_winrt.cc:1074 Getting Default Adapter failed.
12월 20, 2022 16:30:00.115 [3364:9304:1220/163000.115:ERROR:leveldb_factory.cc(88)] Failed to open LevelDB database from C:\Users\222\AppData\Local\Google\Chrome\User Data\Default\IndexedDB\https_www.youtube.com_0.indexeddb.leveldb,IO error: C:\Users\222\AppData\Local\Google\Chrome\User Data\Default\IndexedDB\https_www.youtube.com_0.indexeddb.leveldb/LOCK: File currently in use. (ChromeMethodBFE: 15::LockFile::2)
12월 20, 2022 16:30:02.129 [3364:9304:1220/163002.129:ERROR:leveldb_factory.cc(88)] Failed to open LevelDB database from C:\Users\222\AppData\Local\Google\Chrome\User Data\Default\IndexedDB\https_www.youtube.com_0.indexeddb.leveldb,IO error: C:\Users\222\AppData\Local\Google\Chrome\User Data\Default\IndexedDB\https_www.youtube.com_0.indexeddb.leveldb/LOCK: File currently in use. (ChromeMethodBFE: 15::LockFile::2)
12월 20, 2022 16:30:04.151 [3364:11964:1220/163004.151:ERROR:leveldb_factory.cc(88)] Failed to open LevelDB database from C:\Users\222\AppData\Local\Google\Chrome\User Data\Default\IndexedDB\https_www.youtube.com_0.indexeddb.leveldb,IO error: C:\Users\222\AppData\Local\Google\Chrome\User Data\Default\IndexedDB\https_www.youtube.com_0.indexeddb.leveldb/LOCK: File currently in use. (ChromeMethodBFE: 15::LockFile::2)
12월 20, 2022 16:30:06.154 [3364:11964:1220/163006.154:ERROR:leveldb_factory.cc(88)] Failed to open LevelDB database from C:\Users\222\AppData\Local\Google\Chrome\User Data\Default\IndexedDB\https_www.youtube.com_0.indexeddb.leveldb,IO error: C:\Users\222\AppData\Local\Google\Chrome\User Data\Default\IndexedDB\https_www.youtube.com_0.indexeddb.leveldb/LOCK: File currently in use. (ChromeMethodBFE: 15::LockFile::2)
12월 20, 2022 16:30:08.159 [3364:11964:1220/163008.159:ERROR:leveldb_factory.cc(88)] Failed to open LevelDB database from C:\Users\222\AppData\Local\Google\Chrome\User Data\Default\IndexedDB\https_www.youtube.com_0.indexeddb.leveldb,IO error: C:\Users\222\AppData\Local\Google\Chrome\User Data\Default\IndexedDB\https_www.youtube.com_0.indexeddb.leveldb/LOCK: File currently in use. (ChromeMethodBFE: 15::LockFile::2)
12월 20, 2022 16:30:10.172 [3364:11964:1220/163010.172:ERROR:leveldb_factory.cc(88)] Failed to open LevelDB database from C:\Users\222\AppData\Local\Google\Chrome\User Data\Default\IndexedDB\https_www.youtube.com_0.indexeddb.leveldb,IO error: C:\Users\222\AppData\Local\Google\Chrome\User Data\Default\IndexedDB\https_www.youtube.com_0.indexeddb.leveldb/LOCK: File currently in use. (ChromeMethodBFE: 15::LockFile::2)
12월 20, 2022 17:03:06.84 [11780:5564:1220/170306.084:ERROR:device_event_log_impl.cc(215)] [17:03:06.085] Bluetooth: bluetooth_adapter_winrt.cc:1074 Getting Default Adapter failed.

12월 21, 2022 09:40:32.848 NEW SESSION
12월 21, 2022 09:40:32.848 [1788:1436:1221/094032.846:ERROR:device_event_log_impl.cc(215)] [09:40:32.845] Bluetooth: bluetooth_adapter_winrt.cc:1074 Getting Default Adapter failed.
12월 21, 2022 16:48:12.32 [1788:708:1221/164812.031:ERROR:connection_factory_impl.cc(472)] ConnectionHandler failed with net error: -2
12월 21, 2022 21:29:42.870 [1788:1436:1221/212942.869:ERROR:CONSOLE(1)] "Request Storage.getStorageKeyForFrame failed. {"code":-32602,"message":"Frame tree node for given frame not found"}", source: devtools://devtools/bundled/devtools-frontend/front_end/core/protocol_client/protocol_client.js (1)
12월 21, 2022 21:29:42.898 [1788:1436:1221/212942.898:ERROR:CONSOLE(1)] "Request Network.loadNetworkResource failed. {"code":-32602,"message":"Frame not found"}", source: devtools://devtools/bundled/devtools-frontend/front_end/core/protocol_client/protocol_client.js (1)
12월 21, 2022 21:29:45.688 [1788:1436:1221/212945.688:ERROR:CONSOLE(1)] "Request Storage.getStorageKeyForFrame failed. {"code":-32602,"message":"Frame tree node for given frame not found"}", source: devtools://devtools/bundled/devtools-frontend/front_end/core/protocol_client/protocol_client.js (1)
12월 21, 2022 21:29:45.761 [1788:1436:1221/212945.761:ERROR:CONSOLE(1)] "Request Network.loadNetworkResource failed. {"code":-32602,"message":"Frame not found"}", source: devtools://devtools/bundled/devtools-frontend/front_end/core/protocol_client/protocol_client.js (1)
12월 21, 2022 21:35:20.567 [1788:1436:1221/213520.567:ERROR:CONSOLE(1)] "Request Storage.getStorageKeyForFrame failed. {"code":-32602,"message":"Frame tree node for given frame not found"}", source: devtools://devtools/bundled/devtools-frontend/front_end/core/protocol_client/protocol_client.js (1)
12월 21, 2022 21:35:20.656 [1788:1436:1221/213520.655:ERROR:CONSOLE(1)] "Request Network.loadNetworkResource failed. {"code":-32602,"message":"Frame not found"}", source: devtools://devtools/bundled/devtools-frontend/front_end/core/protocol_client/protocol_client.js (1)

12월 26, 2022 09:59:49.224 NEW SESSION
12월 26, 2022 09:59:49.224 [9056:956:1226/095949.221:ERROR:device_event_log_impl.cc(215)] [09:59:49.221] Bluetooth: bluetooth_adapter_winrt.cc:1074 Getting Default Adapter failed.
12월 26, 2022 11:57:10.138 [9056:4656:1226/115710.138:ERROR:connection_factory_impl.cc(472)] ConnectionHandler failed with net error: -2
12월 26, 2022 12:30:03.541 [9056:956:1226/123003.541:ERROR:interface_endpoint_client.cc(694)] Message 0 rejected by interface blink.mojom.WidgetHost
12월 26, 2022 15:23:55.279 [libprotobuf ERROR ..\..\third_party\protobuf\src\google\protobuf\message_lite.cc:133] Can't parse message of type "safe_browsing.ClientDownloadRequest" because it is missing required fields: (cannot determine missing fields for lite message)
12월 26, 2022 16:24:58.02 [9056:956:1226/162458.002:ERROR:page_load_metrics_update_dispatcher.cc(160)] Invalid parse_start 0.257 s for activation_start 0.238715 s
12월 26, 2022 16:24:58.107 [9056:956:1226/162458.107:ERROR:page_load_metrics_update_dispatcher.cc(160)] Invalid parse_start 0.257 s for activation_start 0.238715 s
12월 26, 2022 16:24:58.267 [9056:956:1226/162458.267:ERROR:page_load_metrics_update_dispatcher.cc(160)] Invalid parse_start 0.257 s for activation_start 0.238715 s
12월 26, 2022 16:24:58.756 [9056:956:1226/162458.756:ERROR:page_load_metrics_update_dispatcher.cc(160)] Invalid parse_start 0.257 s for activation_start 0.238715 s
12월 26, 2022 16:24:59.11 [9056:956:1226/162459.011:ERROR:page_load_metrics_update_dispatcher.cc(160)] Invalid parse_start 0.257 s for activation_start 0.238715 s
12월 26, 2022 16:24:59.119 [9056:956:1226/162459.119:ERROR:page_load_metrics_update_dispatcher.cc(160)] Invalid parse_start 0.257 s for activation_start 0.238715 s
12월 26, 2022 16:24:59.703 [9056:956:1226/162459.703:ERROR:page_load_metrics_update_dispatcher.cc(160)] Invalid parse_start 0.257 s for activation_start 0.238715 s
12월 26, 2022 16:24:59.812 [9056:956:1226/162459.812:ERROR:page_load_metrics_update_dispatcher.cc(160)] Invalid parse_start 0.257 s for activation_start 0.238715 s
12월 26, 2022 16:25:01.474 [9056:956:1226/162501.474:ERROR:page_load_metrics_update_dispatcher.cc(160)] Invalid parse_start 0.257 s for activation_start 0.238715 s
12월 26, 2022 16:25:02.115 [9056:956:1226/162502.115:ERROR:page_load_metrics_update_dispatcher.cc(160)] Invalid parse_start 0.257 s for activation_start 0.238715 s
12월 26, 2022 16:25:02.227 [9056:956:1226/162502.227:ERROR:page_load_metrics_update_dispatcher.cc(160)] Invalid parse_start 0.257 s for activation_start 0.238715 s
12월 26, 2022 16:25:03.972 [9056:956:1226/162503.972:ERROR:page_load_metrics_update_dispatcher.cc(160)] Invalid parse_start 0.257 s for activation_start 0.238715 s
12월 26, 2022 16:25:04.97 [9056:956:1226/162504.096:ERROR:page_load_metrics_update_dispatcher.cc(160)] Invalid parse_start 0.257 s for activation_start 0.238715 s
12월 26, 2022 16:25:04.283 [9056:956:1226/162504.283:ERROR:page_load_metrics_update_dispatcher.cc(160)] Invalid parse_start 0.257 s for activation_start 0.238715 s
12월 26, 2022 16:25:04.483 [9056:956:1226/162504.483:ERROR:page_load_metrics_update_dispatcher.cc(160)] Invalid parse_start 0.257 s for activation_start 0.238715 s
12월 26, 2022 16:25:04.676 [9056:956:1226/162504.676:ERROR:page_load_metrics_update_dispatcher.cc(160)] Invalid parse_start 0.257 s for activation_start 0.238715 s
12월 26, 2022 16:25:04.875 [9056:956:1226/162504.875:ERROR:page_load_metrics_update_dispatcher.cc(160)] Invalid parse_start 0.257 s for activation_start 0.238715 s
12월 26, 2022 16:25:05.03 [9056:956:1226/162505.003:ERROR:page_load_metrics_update_dispatcher.cc(160)] Invalid parse_start 0.257 s for activation_start 0.238715 s
12월 26, 2022 16:25:05.139 [9056:956:1226/162505.139:ERROR:page_load_metrics_update_dispatcher.cc(160)] Invalid parse_start 0.257 s for activation_start 0.238715 s
12월 26, 2022 16:25:05.747 [9056:956:1226/162505.747:ERROR:page_load_metrics_update_dispatcher.cc(160)] Invalid parse_start 0.257 s for activation_start 0.238715 s
12월 26, 2022 16:25:05.922 [9056:956:1226/162505.922:ERROR:page_load_metrics_update_dispatcher.cc(160)] Invalid parse_start 0.257 s for activation_start 0.238715 s
12월 26, 2022 16:25:06.52 [9056:956:1226/162506.052:ERROR:page_load_metrics_update_dispatcher.cc(160)] Invalid parse_start 0.257 s for activation_start 0.238715 s
12월 26, 2022 16:25:06.180 [9056:956:1226/162506.180:ERROR:page_load_metrics_update_dispatcher.cc(160)] Invalid parse_start 0.257 s for activation_start 0.238715 s
12월 26, 2022 16:25:06.323 [9056:956:1226/162506.323:ERROR:page_load_metrics_update_dispatcher.cc(160)] Invalid parse_start 0.257 s for activation_start 0.238715 s
12월 26, 2022 16:25:06.436 [9056:956:1226/162506.436:ERROR:page_load_metrics_update_dispatcher.cc(160)] Invalid parse_start 0.257 s for activation_start 0.238715 s
12월 26, 2022 16:25:06.555 [9056:956:1226/162506.555:ERROR:page_load_metrics_update_dispatcher.cc(160)] Invalid parse_start 0.257 s for activation_start 0.238715 s
12월 26, 2022 16:25:06.731 [9056:956:1226/162506.731:ERROR:page_load_metrics_update_dispatcher.cc(160)] Invalid parse_start 0.257 s for activation_start 0.238715 s
12월 26, 2022 16:25:08.347 [9056:956:1226/162508.347:ERROR:page_load_metrics_update_dispatcher.cc(160)] Invalid parse_start 0.257 s for activation_start 0.238715 s
12월 26, 2022 16:25:08.384 [9056:956:1226/162508.383:ERROR:page_load_metrics_update_dispatcher.cc(160)] Invalid parse_start 0.257 s for activation_start 0.238715 s
12월 26, 2022 16:25:08.508 [9056:956:1226/162508.508:ERROR:page_load_metrics_update_dispatcher.cc(160)] Invalid parse_start 0.257 s for activation_start 0.238715 s
12월 26, 2022 16:25:08.736 [9056:956:1226/162508.736:ERROR:page_load_metrics_update_dispatcher.cc(160)] Invalid parse_start 0.257 s for activation_start 0.238715 s
12월 26, 2022 16:25:08.854 [9056:956:1226/162508.854:ERROR:page_load_metrics_update_dispatcher.cc(160)] Invalid parse_start 0.257 s for activation_start 0.238715 s
12월 26, 2022 19:40:35.602 [9056:956:1226/194035.601:ERROR:interface_endpoint_client.cc(694)] Message 0 rejected by interface blink.mojom.WidgetHost
12월 26, 2022 19:43:43.394 [9056:956:1226/194343.394:ERROR:device_event_log_impl.cc(215)] [19:43:43.394] Bluetooth: bluetooth_adapter_winrt.cc:1074 Getting Default Adapter failed.
